ARM GAS  Code2.s 			page 1


   1              	@ Ted Obuchowicz 
   2              	@ May 29, 2023 
   3              	@ simple_loop_wrong_order.s 
   4              	@ adds a list of 5 numbers stored in memory
   5              	
   6              	.syntax unified 
   7              	.cpu cortex-m4 
   8              	.thumb
   9              	
  10 0000 00040020 	.word 0x20000400 
  11 0004 ED000080 	.word 0x800000ed 
  12 0008 00000000 	.space 0xe4
  12      00000000 
  12      00000000 
  12      00000000 
  12      00000000 
  13              	.data 
  14              	
  15              	@ declare your data here 
  16 0000 01020304 	num:   .byte  1,2,3,4,5 
  16      05
  17 0005 00       	sum:   .space 0x01 
  18              	
  19              	.text 
  20              	start:         
  21              	    @  assembly code goes here         
  22 00ec 4FF00000 	    mov r0, #0         
  23 00f0 0549     	    ldr r1, =num         
  24 00f2 4FF00502 	    mov r2, #5
  25              	
  26              	@ we make use of register indirect addressing and conditional jumps 
  27              	@ to setup a loop to add up the 5 numbers
  28              	
  29 00f6 0B78     	top:    ldrb r3, [r1]         
  30 00f8 1844     	        add r0, r0, r3         
  31 00fa 013A     	        subs r2, r2, #1         
  32 00fc 01F10101 	        add r1, r1, #1         
  33 0100 F9D1     	        bne top
  34              	
  35 0102 0249     	        ldr r1, =sum         
  36 0104 0870     	        strb r0, [r1]
  37              	
  38 0106 FEE7     	stop:   b stop 
  39 0108 00000000 	.end
  39      05000000 
